2022-12-24 05:44:13,190  INFO [main] OrangHRMMavenProject:35 - Browser is opened
2022-12-24 05:44:13,320  INFO [main] OrangHRMMavenProject:39 - Browser is maximize
2022-12-24 05:44:15,738  INFO [main] OrangHRMMavenProject:43 - URL is opened
2022-12-24 05:44:16,119  INFO [main] OrangHRMMavenProject:56 - username is entered
2022-12-24 05:44:16,172  INFO [main] OrangHRMMavenProject:59 - password is entered
2022-12-24 05:44:16,218  INFO [main] OrangHRMMavenProject:63 - clicked on login button
2022-12-24 05:44:17,498  INFO [main] OrangHRMMavenProject:74 - quit from the current browser
2022-12-24 05:45:47,356  INFO [main] OrangHRMMavenProject:35 - Browser is opened
2022-12-24 05:45:47,486  INFO [main] OrangHRMMavenProject:39 - Browser is maximize
2022-12-24 05:45:50,440  INFO [main] OrangHRMMavenProject:43 - URL is opened
2022-12-24 05:45:50,891  INFO [main] OrangHRMMavenProject:56 - username is entered
2022-12-24 05:45:50,947  INFO [main] OrangHRMMavenProject:59 - password is entered
2022-12-24 05:45:50,986  INFO [main] OrangHRMMavenProject:63 - clicked on login button
2022-12-24 05:45:52,349  INFO [main] OrangHRMMavenProject:74 - quit from the current browser
2022-12-24 05:50:56,452  INFO [main] OrangHRMMavenProject:35 - Browser is opened
2022-12-24 05:50:56,580  INFO [main] OrangHRMMavenProject:39 - Browser is maximize
2022-12-24 05:50:59,546  INFO [main] OrangHRMMavenProject:43 - URL is opened
2022-12-24 05:51:00,003  INFO [main] OrangHRMMavenProject:56 - username is entered
2022-12-24 05:51:00,066  INFO [main] OrangHRMMavenProject:59 - password is entered
2022-12-24 05:51:00,105  INFO [main] OrangHRMMavenProject:63 - clicked on login button
2022-12-24 05:51:01,479  INFO [main] OrangHRMMavenProject:74 - quit from the current browser
2022-12-24 06:50:25,957  INFO [main] OrangHRMMavenProject:35 - Browser is opened
2022-12-24 06:50:26,090  INFO [main] OrangHRMMavenProject:39 - Browser is maximize
2022-12-24 06:50:29,248  INFO [main] OrangHRMMavenProject:43 - URL is opened
2022-12-24 06:50:29,624  INFO [main] OrangHRMMavenProject:56 - username is entered
2022-12-24 06:50:29,676  INFO [main] OrangHRMMavenProject:59 - password is entered
2022-12-24 06:50:29,717  INFO [main] OrangHRMMavenProject:63 - clicked on login button
2022-12-24 06:50:31,198  INFO [main] OrangHRMMavenProject:74 - quit from the current browser
2022-12-24 07:01:20,721  INFO [main] OrangHRMMavenProject:35 - Browser is opened
2022-12-24 07:01:20,864  INFO [main] OrangHRMMavenProject:39 - Browser is maximize
2022-12-24 07:01:29,055  INFO [main] OrangHRMMavenProject:43 - URL is opened
2022-12-24 07:01:29,995  INFO [main] OrangHRMMavenProject:56 - username is entered
2022-12-24 07:01:30,120  INFO [main] OrangHRMMavenProject:59 - password is entered
2022-12-24 07:01:30,210  INFO [main] OrangHRMMavenProject:63 - clicked on login button
2022-12-24 07:01:31,845  INFO [main] OrangHRMMavenProject:74 - quit from the current browser
2022-12-24 07:04:14,559  INFO [main] OrangHRMMavenProject:35 - Browser is opened
2022-12-24 07:04:14,700  INFO [main] OrangHRMMavenProject:39 - Browser is maximize
2022-12-24 07:04:18,785  INFO [main] OrangHRMMavenProject:43 - URL is opened
2022-12-24 07:04:19,281  INFO [main] OrangHRMMavenProject:56 - username is entered
2022-12-24 07:04:19,407  INFO [main] OrangHRMMavenProject:59 - password is entered
2022-12-24 07:04:19,506  INFO [main] OrangHRMMavenProject:63 - clicked on login button
2022-12-24 07:04:21,150  INFO [main] OrangHRMMavenProject:74 - quit from the current browser
2022-12-30 17:56:58,162  INFO [main] OrangHRMMavenProject:35 - Browser is opened
2022-12-30 17:56:58,309  INFO [main] OrangHRMMavenProject:39 - Browser is maximize
2022-12-30 17:57:11,409  INFO [main] OrangHRMMavenProject:43 - URL is opened
2022-12-30 17:57:13,824  INFO [main] OrangHRMMavenProject:56 - username is entered
2022-12-30 17:57:13,967  INFO [main] OrangHRMMavenProject:59 - password is entered
2022-12-30 17:57:14,052  INFO [main] OrangHRMMavenProject:63 - clicked on login button
2022-12-30 17:57:16,120  INFO [main] OrangHRMMavenProject:74 - quit from the current browser
2022-12-30 18:11:58,860  INFO [main] OrangHRMMavenProject:35 - Browser is opened
2022-12-30 18:11:58,999  INFO [main] OrangHRMMavenProject:39 - Browser is maximize
2022-12-30 18:12:05,676  INFO [main] OrangHRMMavenProject:43 - URL is opened
2022-12-30 18:12:06,462  INFO [main] OrangHRMMavenProject:56 - username is entered
2022-12-30 18:12:06,587  INFO [main] OrangHRMMavenProject:59 - password is entered
2022-12-30 18:12:06,673  INFO [main] OrangHRMMavenProject:63 - clicked on login button
2022-12-30 18:12:08,418  INFO [main] OrangHRMMavenProject:74 - quit from the current browser
2023-01-22 00:33:10,747  INFO [main] OrangHRMMavenProject:35 - Browser is opened
2023-01-22 00:33:10,903  INFO [main] OrangHRMMavenProject:39 - Browser is maximize
2023-01-22 00:33:19,927  INFO [main] OrangHRMMavenProject:43 - URL is opened
2023-01-22 00:33:21,008  INFO [main] OrangHRMMavenProject:56 - username is entered
2023-01-22 00:33:21,116  INFO [main] OrangHRMMavenProject:59 - password is entered
2023-01-22 00:33:21,200  INFO [main] OrangHRMMavenProject:63 - clicked on login button
2023-01-22 00:33:23,086  INFO [main] OrangHRMMavenProject:74 - quit from the current browser
